{"/Users/hannahingham/codefellows/401/labs/03-async-hi/lib/reader-fixed.js": {"path":"/Users/hannahingham/codefellows/401/labs/03-async-hi/lib/reader-fixed.js","statementMap":{"0":{"start":{"line":3,"column":11},"end":{"line":3,"column":24}},"1":{"start":{"line":4,"column":15},"end":{"line":4,"column":17}},"2":{"start":{"line":7,"column":11},"end":{"line":7,"column":32}},"3":{"start":{"line":9,"column":0},"end":{"line":9,"column":18}},"4":{"start":{"line":16,"column":0},"end":{"line":19,"column":2}},"5":{"start":{"line":17,"column":2},"end":{"line":17,"column":31}},"6":{"start":{"line":18,"column":2},"end":{"line":18,"column":16}},"7":{"start":{"line":26,"column":16},"end":{"line":31,"column":1}},"8":{"start":{"line":27,"column":2},"end":{"line":30,"column":5}},"9":{"start":{"line":28,"column":4},"end":{"line":29,"column":39}},"10":{"start":{"line":28,"column":14},"end":{"line":28,"column":24}},"11":{"start":{"line":29,"column":11},"end":{"line":29,"column":37}},"12":{"start":{"line":38,"column":16},"end":{"line":78,"column":1}},"13":{"start":{"line":39,"column":2},"end":{"line":39,"column":55}},"14":{"start":{"line":41,"column":2},"end":{"line":41,"column":16}},"15":{"start":{"line":42,"column":2},"end":{"line":74,"column":5}},"16":{"start":{"line":43,"column":4},"end":{"line":73,"column":5}},"17":{"start":{"line":44,"column":6},"end":{"line":44,"column":20}},"18":{"start":{"line":47,"column":6},"end":{"line":47,"column":33}},"19":{"start":{"line":48,"column":6},"end":{"line":48,"column":44}},"20":{"start":{"line":50,"column":6},"end":{"line":72,"column":9}},"21":{"start":{"line":51,"column":8},"end":{"line":51,"column":30}},"22":{"start":{"line":52,"column":8},"end":{"line":71,"column":9}},"23":{"start":{"line":53,"column":10},"end":{"line":53,"column":24}},"24":{"start":{"line":56,"column":10},"end":{"line":56,"column":37}},"25":{"start":{"line":57,"column":10},"end":{"line":57,"column":39}},"26":{"start":{"line":59,"column":10},"end":{"line":59,"column":48}},"27":{"start":{"line":61,"column":10},"end":{"line":70,"column":13}},"28":{"start":{"line":62,"column":12},"end":{"line":69,"column":13}},"29":{"start":{"line":63,"column":14},"end":{"line":63,"column":28}},"30":{"start":{"line":66,"column":14},"end":{"line":66,"column":41}},"31":{"start":{"line":67,"column":14},"end":{"line":67,"column":52}},"32":{"start":{"line":68,"column":14},"end":{"line":68,"column":44}},"33":{"start":{"line":76,"column":2},"end":{"line":76,"column":36}}},"fnMap":{"0":{"name":"(anonymous_0)","decl":{"start":{"line":16,"column":27},"end":{"line":16,"column":28}},"loc":{"start":{"line":16,"column":48},"end":{"line":19,"column":1}},"line":16},"1":{"name":"(anonymous_1)","decl":{"start":{"line":26,"column":16},"end":{"line":26,"column":17}},"loc":{"start":{"line":26,"column":36},"end":{"line":31,"column":1}},"line":26},"2":{"name":"(anonymous_2)","decl":{"start":{"line":27,"column":21},"end":{"line":27,"column":22}},"loc":{"start":{"line":27,"column":36},"end":{"line":30,"column":3}},"line":27},"3":{"name":"(anonymous_3)","decl":{"start":{"line":38,"column":16},"end":{"line":38,"column":17}},"loc":{"start":{"line":38,"column":37},"end":{"line":78,"column":1}},"line":38},"4":{"name":"(anonymous_4)","decl":{"start":{"line":42,"column":20},"end":{"line":42,"column":21}},"loc":{"start":{"line":42,"column":35},"end":{"line":74,"column":3}},"line":42},"5":{"name":"(anonymous_5)","decl":{"start":{"line":50,"column":24},"end":{"line":50,"column":25}},"loc":{"start":{"line":50,"column":39},"end":{"line":72,"column":7}},"line":50},"6":{"name":"(anonymous_6)","decl":{"start":{"line":61,"column":29},"end":{"line":61,"column":30}},"loc":{"start":{"line":61,"column":44},"end":{"line":70,"column":11}},"line":61}},"branchMap":{"0":{"loc":{"start":{"line":28,"column":4},"end":{"line":29,"column":39}},"type":"if","locations":[{"start":{"line":28,"column":4},"end":{"line":29,"column":39}},{"start":{"line":28,"column":4},"end":{"line":29,"column":39}}],"line":28},"1":{"loc":{"start":{"line":43,"column":4},"end":{"line":73,"column":5}},"type":"if","locations":[{"start":{"line":43,"column":4},"end":{"line":73,"column":5}},{"start":{"line":43,"column":4},"end":{"line":73,"column":5}}],"line":43},"2":{"loc":{"start":{"line":52,"column":8},"end":{"line":71,"column":9}},"type":"if","locations":[{"start":{"line":52,"column":8},"end":{"line":71,"column":9}},{"start":{"line":52,"column":8},"end":{"line":71,"column":9}}],"line":52},"3":{"loc":{"start":{"line":62,"column":12},"end":{"line":69,"column":13}},"type":"if","locations":[{"start":{"line":62,"column":12},"end":{"line":69,"column":13}},{"start":{"line":62,"column":12},"end":{"line":69,"column":13}}],"line":62}},"s":{"0":2,"1":2,"2":2,"3":2,"4":2,"5":4,"6":2,"7":2,"8":8,"9":8,"10":2,"11":6,"12":2,"13":4,"14":4,"15":4,"16":2,"17":0,"18":2,"19":2,"20":2,"21":2,"22":2,"23":0,"24":2,"25":2,"26":2,"27":2,"28":2,"29":0,"30":2,"31":2,"32":2,"33":2},"f":{"0":4,"1":8,"2":8,"3":4,"4":2,"5":2,"6":2},"b":{"0":[2,6],"1":[0,2],"2":[0,2],"3":[0,2]},"_coverageSchema":"332fd63041d2c1bcb487cc26dd0d5f7d97098a6c","hash":"227d8c7c74316772285078c5b7d3321eacfdb55a"}
}
