TN:
SF:/Users/hannahingham/codefellows/401/labs/03-async-hi/lib/reader-fixed.js
FN:16,(anonymous_0)
FN:26,(anonymous_1)
FN:27,(anonymous_2)
FN:38,(anonymous_3)
FN:42,(anonymous_4)
FN:50,(anonymous_5)
FN:61,(anonymous_6)
FNF:7
FNH:7
FNDA:4,(anonymous_0)
FNDA:8,(anonymous_1)
FNDA:8,(anonymous_2)
FNDA:4,(anonymous_3)
FNDA:2,(anonymous_4)
FNDA:2,(anonymous_5)
FNDA:2,(anonymous_6)
DA:3,2
DA:4,2
DA:7,2
DA:9,2
DA:16,2
DA:17,4
DA:18,2
DA:26,2
DA:27,8
DA:28,8
DA:29,6
DA:38,2
DA:39,4
DA:41,4
DA:42,4
DA:43,2
DA:44,0
DA:47,2
DA:48,2
DA:50,2
DA:51,2
DA:52,2
DA:53,0
DA:56,2
DA:57,2
DA:59,2
DA:61,2
DA:62,2
DA:63,0
DA:66,2
DA:67,2
DA:68,2
DA:76,2
LF:33
LH:30
BRDA:28,0,0,2
BRDA:28,0,1,6
BRDA:43,1,0,0
BRDA:43,1,1,2
BRDA:52,2,0,0
BRDA:52,2,1,2
BRDA:62,3,0,0
BRDA:62,3,1,2
BRF:8
BRH:5
end_of_record
