TN:
SF:/Users/hannahingham/codefellows/401/labs/03-async-hi/lib/reader-fixed.js
FN:16,(anonymous_0)
FN:26,(anonymous_1)
FN:27,(anonymous_2)
FN:38,(anonymous_3)
FN:42,(anonymous_4)
FN:50,(anonymous_5)
FN:61,(anonymous_6)
FNF:7
FNH:7
FNDA:2,(anonymous_0)
FNDA:4,(anonymous_1)
FNDA:4,(anonymous_2)
FNDA:2,(anonymous_3)
FNDA:1,(anonymous_4)
FNDA:1,(anonymous_5)
FNDA:1,(anonymous_6)
DA:3,1
DA:4,1
DA:7,1
DA:9,1
DA:16,1
DA:17,2
DA:18,1
DA:26,1
DA:27,4
DA:28,4
DA:29,3
DA:38,1
DA:39,2
DA:41,2
DA:42,2
DA:43,1
DA:44,0
DA:47,1
DA:48,1
DA:50,1
DA:51,1
DA:52,1
DA:53,0
DA:56,1
DA:57,1
DA:59,1
DA:61,1
DA:62,1
DA:63,0
DA:66,1
DA:67,1
DA:68,1
DA:76,1
LF:33
LH:30
BRDA:28,0,0,1
BRDA:28,0,1,3
BRDA:43,1,0,0
BRDA:43,1,1,1
BRDA:52,2,0,0
BRDA:52,2,1,1
BRDA:62,3,0,0
BRDA:62,3,1,1
BRF:8
BRH:5
end_of_record
